#
# There is insufficient memory for the Java Runtime Environment to continue.
# Native memory allocation (malloc) failed to allocate 32744 bytes for ChunkPool::allocate
# Possible reasons:
#   The system is out of physical RAM or swap space
#   The process is running with CompressedOops enabled, and the Java Heap may be blocking the growth of the native heap
# Possible solutions:
#   Reduce memory load on the system
#   Increase physical memory or swap space
#   Check if swap backing store is full
#   Decrease Java heap size (-Xmx/-Xms)
#   Decrease number of Java threads
#   Decrease Java thread stack sizes (-Xss)
#   Set larger code cache with -XX:ReservedCodeCacheSize=
#   JVM is running with Unscaled Compressed Oops mode in which the Java heap is
#     placed in the first 4GB address space. The Java Heap base address is the
#     maximum limit for the native heap growth. Please use -XX:HeapBaseMinAddress
#     to set the Java Heap base and to place the Java Heap above 4GB virtual address.
# This output file may be truncated or incomplete.
#
#  Out of Memory Error (allocation.cpp:272), pid=6112, tid=0x00000000000008a0
#
# JRE version: Java(TM) SE Runtime Environment (8.0_291-b10) (build 1.8.0_291-b10)
# Java VM: Java HotSpot(TM) 64-Bit Server VM (25.291-b10 mixed mode windows-amd64 compressed oops)
# Failed to write core dump. Minidumps are not enabled by default on client versions of Windows
#

---------------  T H R E A D  ---------------

Current thread (0x000001d931ab7000):  JavaThread "JavaFX Application Thread" [_thread_in_vm, id=2208, stack(0x000000cfd9600000,0x000000cfd9700000)]

Stack: [0x000000cfd9600000,0x000000cfd9700000]
Native frames: (J=compiled Java code, j=interpreted, Vv=VM code, C=native code)
V  [jvm.dll+0x32ea19]

Java frames: (J=compiled Java code, j=interpreted, Vv=VM code)
J 609  java.lang.ClassLoader.defineClass1(Ljava/lang/String;[BIILjava/security/ProtectionDomain;Ljava/lang/String;)Ljava/lang/Class; (0 bytes) @ 0x000001d91ecd0ddf [0x000001d91ecd0d40+0x9f]
J 612 C1 java.lang.ClassLoader.defineClass(Ljava/lang/String;[BIILjava/security/ProtectionDomain;)Ljava/lang/Class; (43 bytes) @ 0x000001d91ecdb324 [0x000001d91ecdad40+0x5e4]
J 521 C1 java.net.URLClassLoader.defineClass(Ljava/lang/String;Lsun/misc/Resource;)Ljava/lang/Class; (142 bytes) @ 0x000001d91ec980bc [0x000001d91ec96540+0x1b7c]
J 652 C1 java.net.URLClassLoader$1.run()Ljava/lang/Class; (63 bytes) @ 0x000001d91ecfe914 [0x000001d91ecfe660+0x2b4]
J 600 C1 java.net.URLClassLoader$1.run()Ljava/lang/Object; (5 bytes) @ 0x000001d91ecc8e4c [0x000001d91ecc8dc0+0x8c]
v  ~StubRoutines::call_stub
J 437  java.security.AccessController.doPrivileged(Ljava/security/PrivilegedExceptionAction;Ljava/security/AccessControlContext;)Ljava/lang/Object; (0 bytes) @ 0x000001d91ec553e6 [0x000001d91ec55380+0x66]
J 460 C1 java.net.URLClassLoader.findClass(Ljava/lang/String;)Ljava/lang/Class; (47 bytes) @ 0x000001d91ec60f44 [0x000001d91ec60dc0+0x184]
J 256 C1 java.lang.ClassLoader.loadClass(Ljava/lang/String;Z)Ljava/lang/Class; (122 bytes) @ 0x000001d91ebdc87c [0x000001d91ebdbf00+0x97c]
J 327 C1 java.lang.ClassLoader.loadClass(Ljava/lang/String;)Ljava/lang/Class; (7 bytes) @ 0x000001d91ec0de4c [0x000001d91ec0dd40+0x10c]
v  ~StubRoutines::call_stub
j  com.sun.javafx.css.parser.CSSParser.term(Lcom/sun/javafx/css/parser/CSSLexer;)Lcom/sun/javafx/css/parser/CSSParser$Term;+196
j  com.sun.javafx.css.parser.CSSParser.expr(Lcom/sun/javafx/css/parser/CSSLexer;)Lcom/sun/javafx/css/parser/CSSParser$Term;+2
j  com.sun.javafx.css.parser.CSSParser.declaration(Lcom/sun/javafx/css/parser/CSSLexer;)Lcom/sun/javafx/css/Declaration;+172
j  com.sun.javafx.css.parser.CSSParser.declarations(Lcom/sun/javafx/css/parser/CSSLexer;)Ljava/util/List;+10
j  com.sun.javafx.css.parser.CSSParser.parse(Lcom/sun/javafx/css/Stylesheet;Lcom/sun/javafx/css/parser/CSSLexer;)V+639
j  com.sun.javafx.css.parser.CSSParser.parse(Lcom/sun/javafx/css/Stylesheet;Ljava/io/Reader;)V+16
j  com.sun.javafx.css.parser.CSSParser.parse(Ljava/net/URL;)Lcom/sun/javafx/css/Stylesheet;+59
j  com.sun.javafx.css.StyleManager.loadStylesheetUnPrivileged(Ljava/lang/String;)Lcom/sun/javafx/css/Stylesheet;+244
j  com.sun.javafx.css.StyleManager.loadStylesheet(Ljava/lang/String;)Lcom/sun/javafx/css/Stylesheet;+1
j  com.sun.javafx.css.StyleManager.processStylesheets(Ljava/util/List;Ljavafx/scene/Parent;)Ljava/util/List;+194
j  com.sun.javafx.css.StyleManager.gatherParentStylesheets(Ljavafx/scene/Parent;)Ljava/util/List;+46
j  com.sun.javafx.css.StyleManager.findMatchingStyles(Ljavafx/scene/Node;Ljavafx/scene/SubScene;[Ljava/util/Set;)Lcom/sun/javafx/css/StyleMap;+80
j  javafx.scene.CssStyleHelper.createStyleHelper(Ljavafx/scene/Node;)Ljavafx/scene/CssStyleHelper;+35
j  javafx.scene.Node.reapplyCss()V+14
j  javafx.scene.Node.impl_reapplyCSS()V+60
j  javafx.scene.Node.invalidatedScenes(Ljavafx/scene/Scene;Ljavafx/scene/SubScene;)V+95
j  javafx.scene.Node.setScenes(Ljavafx/scene/Scene;Ljavafx/scene/SubScene;)V+47
j  javafx.scene.Parent.scenesChanged(Ljavafx/scene/Scene;Ljavafx/scene/SubScene;Ljavafx/scene/Scene;Ljavafx/scene/SubScene;)V+64
j  javafx.scene.Node.invalidatedScenes(Ljavafx/scene/Scene;Ljavafx/scene/SubScene;)V+86
j  javafx.scene.Node.setScenes(Ljavafx/scene/Scene;Ljavafx/scene/SubScene;)V+47
j  javafx.scene.Parent.scenesChanged(Ljavafx/scene/Scene;Ljavafx/scene/SubScene;Ljavafx/scene/Scene;Ljavafx/scene/SubScene;)V+64
j  javafx.scene.Node.invalidatedScenes(Ljavafx/scene/Scene;Ljavafx/scene/SubScene;)V+86
j  javafx.scene.Node.setScenes(Ljavafx/scene/Scene;Ljavafx/scene/SubScene;)V+47
j  javafx.scene.Parent.scenesChanged(Ljavafx/scene/Scene;Ljavafx/scene/SubScene;Ljavafx/scene/Scene;Ljavafx/scene/SubScene;)V+64
j  javafx.scene.Node.invalidatedScenes(Ljavafx/scene/Scene;Ljavafx/scene/SubScene;)V+86
j  javafx.scene.Node.setScenes(Ljavafx/scene/Scene;Ljavafx/scene/SubScene;)V+47
j  javafx.scene.Parent.scenesChanged(Ljavafx/scene/Scene;Ljavafx/scene/SubScene;Ljavafx/scene/Scene;Ljavafx/scene/SubScene;)V+64
j  javafx.scene.Node.invalidatedScenes(Ljavafx/scene/Scene;Ljavafx/scene/SubScene;)V+86
j  javafx.scene.Node.setScenes(Ljavafx/scene/Scene;Ljavafx/scene/SubScene;)V+47
j  javafx.scene.Scene$9.invalidated()V+238
j  javafx.beans.property.ObjectPropertyBase.markInvalid()V+13
j  javafx.beans.property.ObjectPropertyBase.set(Ljava/lang/Object;)V+106
j  javafx.scene.Scene.setRoot(Ljavafx/scene/Parent;)V+5
j  javafx.scene.Scene.<init>(Ljavafx/scene/Parent;DDLjavafx/scene/paint/Paint;ZLjavafx/scene/SceneAntialiasing;)V+296
j  javafx.scene.Scene.<init>(Ljavafx/scene/Parent;)V+15
j  com.javaquizapp.controller.Main.start(Ljavafx/stage/Stage;)V+21
j  com.sun.javafx.application.LauncherImpl.lambda$launchApplication1$8(Ljava/util/concurrent/atomic/AtomicBoolean;Ljavafx/application/Application;)V+20
j  com.sun.javafx.application.LauncherImpl$$Lambda$55.run()V+8
j  com.sun.javafx.application.PlatformImpl.lambda$runAndWait$7(Ljava/lang/Runnable;Ljava/util/concurrent/CountDownLatch;)V+1
j  com.sun.javafx.application.PlatformImpl$$Lambda$47.run()V+8
j  com.sun.javafx.application.PlatformImpl.lambda$null$5(Ljava/lang/Runnable;)Ljava/lang/Void;+1
j  com.sun.javafx.application.PlatformImpl$$Lambda$50.run()Ljava/lang/Object;+4
v  ~StubRoutines::call_stub
j  java.security.AccessController.doPrivileged(Ljava/security/PrivilegedAction;Ljava/security/AccessControlContext;)Ljava/lang/Object;+0
j  com.sun.javafx.application.PlatformImpl.lambda$runLater$6(Ljava/lang/Runnable;Ljava/security/AccessControlContext;)V+7
j  com.sun.javafx.application.PlatformImpl$$Lambda$48.run()V+8
j  com.sun.glass.ui.InvokeLaterDispatcher$Future.run()V+4
v  ~StubRoutines::call_stub
j  com.sun.glass.ui.win.WinApplication._runLoop(Ljava/lang/Runnable;)V+0
j  com.sun.glass.ui.win.WinApplication.lambda$null$4(ILjava/lang/Runnable;)V+8
j  com.sun.glass.ui.win.WinApplication$$Lambda$38.run()V+12
j  java.lang.Thread.run()V+11
v  ~StubRoutines::call_stub

---------------  P R O C E S S  ---------------

Java Threads: ( => current thread )
  0x000001d936602000 JavaThread "Prism Font Disposer" daemon [_thread_blocked, id=5484, stack(0x000000cfd9b00000,0x000000cfd9c00000)]
  0x000001d9364ef800 JavaThread "Thread-3" daemon [_thread_in_native, id=5260, stack(0x000000cfd9900000,0x000000cfd9a00000)]
  0x000001d931b95000 JavaThread "JavaFX-Launcher" [_thread_blocked, id=4440, stack(0x000000cfd9a00000,0x000000cfd9b00000)]
=>0x000001d931ab7000 JavaThread "JavaFX Application Thread" [_thread_in_vm, id=2208, stack(0x000000cfd9600000,0x000000cfd9700000)]
  0x000001d931ab5800 JavaThread "Thread-1" daemon [_thread_blocked, id=5764, stack(0x000000cfd9500000,0x000000cfd9600000)]
  0x000001d931a44000 JavaThread "QuantumRenderer-0" daemon [_thread_blocked, id=5780, stack(0x000000cfd9400000,0x000000cfd9500000)]
  0x000001d931189800 JavaThread "Service Thread" daemon [_thread_blocked, id=5656, stack(0x000000cfd9200000,0x000000cfd9300000)]
  0x000001d931185000 JavaThread "C1 CompilerThread1" daemon [_thread_blocked, id=1184, stack(0x000000cfd9100000,0x000000cfd9200000)]
  0x000001d931130800 JavaThread "C2 CompilerThread0" daemon [_thread_blocked, id=1324, stack(0x000000cfd9000000,0x000000cfd9100000)]
  0x000001d93112f000 JavaThread "Attach Listener" daemon [_thread_blocked, id=5392, stack(0x000000cfd8f00000,0x000000cfd9000000)]
  0x000001d93112e000 JavaThread "Signal Dispatcher" daemon [_thread_blocked, id=5348, stack(0x000000cfd8e00000,0x000000cfd8f00000)]
  0x000001d9310fd800 JavaThread "Finalizer" daemon [_thread_blocked, id=2280, stack(0x000000cfd8d00000,0x000000cfd8e00000)]
  0x000001d9310fc000 JavaThread "Reference Handler" daemon [_thread_blocked, id=176, stack(0x000000cfd8c00000,0x000000cfd8d00000)]
  0x000001d91d13d000 JavaThread "main" [_thread_blocked, id=5668, stack(0x000000cfd8800000,0x000000cfd8900000)]

Other Threads:
  0x000001d930b3e800 VMThread [stack: 0x000000cfd8b00000,0x000000cfd8c00000] [id=5004]
  0x000001d93118f800 WatcherThread [stack: 0x000000cfd9300000,0x000000cfd9400000] [id=2464]

VM state:not at safepoint (normal execution)

VM Mutex/Monitor currently owned by a thread: None

heap address: 0x00000000c2400000, size: 988 MB, Compressed Oops mode: 32-bit
Narrow klass base: 0x0000000000000000, Narrow klass shift: 3
Compressed class space size: 1073741824 Address: 0x0000000100000000

Heap:
 PSYoungGen      total 18432K, used 7289K [0x00000000eb700000, 0x00000000ecb80000, 0x0000000100000000)
  eden space 15872K, 29% used [0x00000000eb700000,0x00000000ebba05e0,0x00000000ec680000)
  from space 2560K, 99% used [0x00000000ec680000,0x00000000ec8fe040,0x00000000ec900000)
  to   space 2560K, 0% used [0x00000000ec900000,0x00000000ec900000,0x00000000ecb80000)
 ParOldGen       total 42496K, used 216K [0x00000000c2400000, 0x00000000c4d80000, 0x00000000eb700000)
  object space 42496K, 0% used [0x00000000c2400000,0x00000000c2436010,0x00000000c4d80000)
 Metaspace       used 12020K, capacity 12406K, committed 12544K, reserved 1060864K
  class space    used 1550K, capacity 1687K, committed 1792K, reserved 1048576K

Card table byte_map: [0x000001d92de10000,0x000001d92e000000] byte_map_base: 0x000001d92d7fe000

Marking Bits: (ParMarkBitMap*) 0x000000005eb37fe0
 Begin Bits: [0x000001d92e150000, 0x000001d92f0c0000)
 End Bits:   [0x000001d92f0c0000, 0x000001d930030000)

Polling page: 0x000001d91d270000

CodeCache: size=245760Kb used=3218Kb max_used=3218Kb free=242541Kb
 bounds [0x000001d91ea50000, 0x000001d91ed80000, 0x000001d92da50000]
 total_blobs=1285 nmethods=813 adapters=386
 compilation: enabled

Compilation events (10 events):
Event: 6.119 Thread 0x000001d931185000  808       3       jdk.internal.org.objectweb.asm.MethodWriter::visitEnd (1 bytes)
Event: 6.119 Thread 0x000001d931185000 nmethod 808 0x000001d91ed61990 code [0x000001d91ed61ae0, 0x000001d91ed61c38]
Event: 6.119 Thread 0x000001d931185000  809       3       jdk.internal.org.objectweb.asm.MethodWriter::getSize (838 bytes)
Event: 6.127 Thread 0x000001d931185000 nmethod 809 0x000001d91ed71f10 code [0x000001d91ed72380, 0x000001d91ed74770]
Event: 6.127 Thread 0x000001d931185000  811       3       java.lang.invoke.MethodType::basicType (8 bytes)
Event: 6.127 Thread 0x000001d931185000 nmethod 811 0x000001d91ed65590 code [0x000001d91ed656e0, 0x000001d91ed658d8]
Event: 6.128 Thread 0x000001d931185000  812   !   3       java.lang.invoke.MemberName$Factory::resolve (145 bytes)
Event: 6.129 Thread 0x000001d931185000 nmethod 812 0x000001d91ed75b10 code [0x000001d91ed75d00, 0x000001d91ed76590]
Event: 6.129 Thread 0x000001d931185000  813       1       java.lang.reflect.Constructor::getConstructorAccessor (5 bytes)
Event: 6.129 Thread 0x000001d931185000 nmethod 813 0x000001d91ed652d0 code [0x000001d91ed65420, 0x000001d91ed65538]

GC Heap History (2 events):
Event: 5.303 GC heap before
{Heap before GC invocations=1 (full 0):
 PSYoungGen      total 18432K, used 15872K [0x00000000eb700000, 0x00000000ecb80000, 0x0000000100000000)
  eden space 15872K, 100% used [0x00000000eb700000,0x00000000ec680000,0x00000000ec680000)
  from space 2560K, 0% used [0x00000000ec900000,0x00000000ec900000,0x00000000ecb80000)
  to   space 2560K, 0% used [0x00000000ec680000,0x00000000ec680000,0x00000000ec900000)
 ParOldGen       total 42496K, used 0K [0x00000000c2400000, 0x00000000c4d80000, 0x00000000eb700000)
  object space 42496K, 0% used [0x00000000c2400000,0x00000000c2400000,0x00000000c4d80000)
 Metaspace       used 10817K, capacity 11156K, committed 11264K, reserved 1058816K
  class space    used 1341K, capacity 1470K, committed 1536K, reserved 1048576K
Event: 5.319 GC heap after
Heap after GC invocations=1 (full 0):
 PSYoungGen      total 18432K, used 2552K [0x00000000eb700000, 0x00000000ecb80000, 0x0000000100000000)
  eden space 15872K, 0% used [0x00000000eb700000,0x00000000eb700000,0x00000000ec680000)
  from space 2560K, 99% used [0x00000000ec680000,0x00000000ec8fe040,0x00000000ec900000)
  to   space 2560K, 0% used [0x00000000ec900000,0x00000000ec900000,0x00000000ecb80000)
 ParOldGen       total 42496K, used 216K [0x00000000c2400000, 0x00000000c4d80000, 0x00000000eb700000)
  object space 42496K, 0% used [0x00000000c2400000,0x00000000c2436010,0x00000000c4d80000)
 Metaspace       used 10817K, capacity 11156K, committed 11264K, reserved 1058816K
  class space    used 1341K, capacity 1470K, committed 1536K, reserved 1048576K
}

Deoptimization events (4 events):
Event: 4.138 Thread 0x000001d931ab7000 Uncommon trap: reason=unstable_if action=reinterpret pc=0x000001d91ec17e90 method=java.lang.String.replace(CC)Ljava/lang/String; @ 26
Event: 4.846 Thread 0x000001d931ab7000 Uncommon trap: reason=unstable_if action=reinterpret pc=0x000001d91ec133a8 method=java.lang.String.startsWith(Ljava/lang/String;I)Z @ 25
Event: 5.435 Thread 0x000001d931ab7000 Uncommon trap: reason=unstable_if action=reinterpret pc=0x000001d91ece6c14 method=java.util.HashMap.getNode(ILjava/lang/Object;)Ljava/util/HashMap$Node; @ 84
Event: 5.435 Thread 0x000001d931ab7000 Uncommon trap: reason=unstable_if action=reinterpret pc=0x000001d91ecc894c method=java.util.HashMap.getNode(ILjava/lang/Object;)Ljava/util/HashMap$Node; @ 84

Classes redefined (0 events):
No events

Internal exceptions (10 events):
Event: 0.786 Thread 0x000001d91d13d000 Exception <a 'java/security/PrivilegedActionException'> (0x00000000eb96d988) thrown at [C:\jenkins\workspace\8-2-build-windows-amd64-cygwin\jdk8u291\1294\hotspot\src\share\vm\prims\jvm.cpp, line 1523]
Event: 0.786 Thread 0x000001d91d13d000 Exception <a 'java/security/PrivilegedActionException'> (0x00000000eb96db98) thrown at [C:\jenkins\workspace\8-2-build-windows-amd64-cygwin\jdk8u291\1294\hotspot\src\share\vm\prims\jvm.cpp, line 1523]
Event: 0.787 Thread 0x000001d91d13d000 Exception <a 'java/lang/NullPointerException'> (0x00000000eb96e170) thrown at [C:\jenkins\workspace\8-2-build-windows-amd64-cygwin\jdk8u291\1294\hotspot\src\share\vm\interpreter\linkResolver.cpp, line 1185]
Event: 4.517 Thread 0x000001d931ab7000 Exception <a 'java/lang/NullPointerException'> (0x00000000ec2c25d8) thrown at [C:\jenkins\workspace\8-2-build-windows-amd64-cygwin\jdk8u291\1294\hotspot\src\share\vm\interpreter\linkResolver.cpp, line 1185]
Event: 4.517 Thread 0x000001d931ab7000 Exception <a 'java/lang/NullPointerException'> (0x00000000ec2c25d8) thrown at [C:\jenkins\workspace\8-2-build-windows-amd64-cygwin\jdk8u291\1294\hotspot\src\share\vm\prims\jvm.cpp, line 1527]
Event: 5.016 Thread 0x000001d931ab7000 Exception <a 'java/lang/ArrayIndexOutOfBoundsException'> (0x00000000ec51bdd0) thrown at [C:\jenkins\workspace\8-2-build-windows-amd64-cygwin\jdk8u291\1294\hotspot\src\share\vm\runtime\sharedRuntime.cpp, line 609]
Event: 5.017 Thread 0x000001d931ab7000 Exception <a 'java/lang/ArrayIndexOutOfBoundsException'> (0x00000000ec51cac0) thrown at [C:\jenkins\workspace\8-2-build-windows-amd64-cygwin\jdk8u291\1294\hotspot\src\share\vm\runtime\sharedRuntime.cpp, line 609]
Event: 5.018 Thread 0x000001d931ab7000 Exception <a 'java/lang/ArrayIndexOutOfBoundsException'> (0x00000000ec51de68) thrown at [C:\jenkins\workspace\8-2-build-windows-amd64-cygwin\jdk8u291\1294\hotspot\src\share\vm\runtime\sharedRuntime.cpp, line 609]
Event: 5.194 Thread 0x000001d931ab7000 Exception <a 'java/lang/ArrayIndexOutOfBoundsException'> (0x00000000ec5cc398) thrown at [C:\jenkins\workspace\8-2-build-windows-amd64-cygwin\jdk8u291\1294\hotspot\src\share\vm\runtime\sharedRuntime.cpp, line 609]
Event: 5.755 Thread 0x000001d931ab7000 Exception <a 'java/lang/ArrayIndexOutOfBoundsException'> (0x00000000eb9be000) thrown at [C:\jenkins\workspace\8-2-build-windows-amd64-cygwin\jdk8u291\1294\hotspot\src\share\vm\runtime\sharedRuntime.cpp, line 609]

Events (10 events):
Event: 6.110 loading class com/sun/javafx/css/parser/Recognizer
Event: 6.110 loading class com/sun/javafx/css/parser/Recognizer done
Event: 6.110 loading class com/sun/javafx/css/parser/Recognizer
Event: 6.110 loading class com/sun/javafx/css/parser/Recognizer done
Event: 6.112 loading class com/sun/javafx/css/parser/Recognizer
Event: 6.112 loading class com/sun/javafx/css/parser/Recognizer done
Event: 6.113 loading class com/sun/javafx/css/parser/Token
Event: 6.113 loading class com/sun/javafx/css/parser/Token done
Event: 6.117 loading class com/sun/javafx/css/parser/CSSParser$Term
Event: 6.117 loading class com/sun/javafx/css/parser/CSSParser$Term done


Dynamic libraries:
0x00007ff7f8fc0000 - 0x00007ff7f9007000 	C:\Program Files\Java\jdk1.8.0_291\jre\bin\java.exe
0x00007ffe66e50000 - 0x00007ffe67046000 	C:\Windows\SYSTEM32\ntdll.dll
0x00007ffe66b00000 - 0x00007ffe66bbd000 	C:\Windows\System32\KERNEL32.DLL
0x00007ffe64690000 - 0x00007ffe64958000 	C:\Windows\System32\KERNELBASE.dll
0x00007ffe669b0000 - 0x00007ffe66a5a000 	C:\Windows\System32\ADVAPI32.dll
0x00007ffe65db0000 - 0x00007ffe65e4e000 	C:\Windows\System32\msvcrt.dll
0x00007ffe66db0000 - 0x00007ffe66e4b000 	C:\Windows\System32\sechost.dll
0x00007ffe65840000 - 0x00007ffe65964000 	C:\Windows\System32\RPCRT4.dll
0x00007ffe64f20000 - 0x00007ffe650c0000 	C:\Windows\System32\USER32.dll
0x00007ffe64e00000 - 0x00007ffe64e22000 	C:\Windows\System32\win32u.dll
0x00007ffe66ac0000 - 0x00007ffe66aea000 	C:\Windows\System32\GDI32.dll
0x00007ffe64cf0000 - 0x00007ffe64df9000 	C:\Windows\System32\gdi32full.dll
0x00007ffe64c50000 - 0x00007ffe64ced000 	C:\Windows\System32\msvcp_win.dll
0x00007ffe64af0000 - 0x00007ffe64bf0000 	C:\Windows\System32\ucrtbase.dll
0x00007ffe51280000 - 0x00007ffe5151b000 	C:\Windows\WinSxS\amd64_microsoft.windows.common-controls_6595b64144ccf1df_6.0.19041.488_none_ca04af081b815d21\COMCTL32.dll
0x00007ffe66d80000 - 0x00007ffe66db0000 	C:\Windows\System32\IMM32.DLL
0x00007ffe4c250000 - 0x00007ffe4c265000 	C:\Program Files\Java\jdk1.8.0_291\jre\bin\vcruntime140.dll
0x00007ffe3cb70000 - 0x00007ffe3cc0b000 	C:\Program Files\Java\jdk1.8.0_291\jre\bin\msvcp140.dll
0x000000005e350000 - 0x000000005ebb0000 	C:\Program Files\Java\jdk1.8.0_291\jre\bin\server\jvm.dll
0x00007ffe66af0000 - 0x00007ffe66af8000 	C:\Windows\System32\PSAPI.DLL
0x00007ffe4c2b0000 - 0x00007ffe4c2b9000 	C:\Windows\SYSTEM32\WSOCK32.dll
0x00007ffe66650000 - 0x00007ffe666bb000 	C:\Windows\System32\WS2_32.dll
0x00007ffe4dbf0000 - 0x00007ffe4dc17000 	C:\Windows\SYSTEM32\WINMM.dll
0x00007ffe52620000 - 0x00007ffe5262a000 	C:\Windows\SYSTEM32\VERSION.dll
0x00007ffe62530000 - 0x00007ffe62542000 	C:\Windows\SYSTEM32\kernel.appcore.dll
0x00007ffe4c2a0000 - 0x00007ffe4c2b0000 	C:\Program Files\Java\jdk1.8.0_291\jre\bin\verify.dll
0x00007ffe3bb80000 - 0x00007ffe3bbab000 	C:\Program Files\Java\jdk1.8.0_291\jre\bin\java.dll
0x00007ffe4b710000 - 0x00007ffe4b728000 	C:\Program Files\Java\jdk1.8.0_291\jre\bin\zip.dll
0x00007ffe65eb0000 - 0x00007ffe665f0000 	C:\Windows\System32\SHELL32.dll
0x00007ffe62730000 - 0x00007ffe62ec4000 	C:\Windows\SYSTEM32\windows.storage.dll
0x00007ffe65a50000 - 0x00007ffe65da5000 	C:\Windows\System32\combase.dll
0x00007ffe63fe0000 - 0x00007ffe6400c000 	C:\Windows\SYSTEM32\Wldp.dll
0x00007ffe65320000 - 0x00007ffe653ce000 	C:\Windows\System32\SHCORE.dll
0x00007ffe665f0000 - 0x00007ffe66645000 	C:\Windows\System32\shlwapi.dll
0x00007ffe64510000 - 0x00007ffe64536000 	C:\Windows\SYSTEM32\profapi.dll
0x000001d931bf0000 - 0x000001d931bf3000 	C:\Program Files\Java\jdk1.8.0_291\jre\bin\api-ms-win-core-console-l1-1-0.dll
0x000001d931c00000 - 0x000001d931c03000 	C:\Program Files\Java\jdk1.8.0_291\jre\bin\api-ms-win-core-console-l1-2-0.dll
0x000001d931c10000 - 0x000001d931c13000 	C:\Program Files\Java\jdk1.8.0_291\jre\bin\api-ms-win-core-datetime-l1-1-0.dll
0x000001d931c20000 - 0x000001d931c23000 	C:\Program Files\Java\jdk1.8.0_291\jre\bin\api-ms-win-core-debug-l1-1-0.dll
0x000001d931c30000 - 0x000001d931c33000 	C:\Program Files\Java\jdk1.8.0_291\jre\bin\api-ms-win-core-errorhandling-l1-1-0.dll
0x000001d931c40000 - 0x000001d931c44000 	C:\Program Files\Java\jdk1.8.0_291\jre\bin\api-ms-win-core-file-l1-1-0.dll
0x000001d931c50000 - 0x000001d931c53000 	C:\Program Files\Java\jdk1.8.0_291\jre\bin\api-ms-win-core-file-l1-2-0.dll
0x000001d931c60000 - 0x000001d931c63000 	C:\Program Files\Java\jdk1.8.0_291\jre\bin\api-ms-win-core-file-l2-1-0.dll
0x000001d931c70000 - 0x000001d931c73000 	C:\Program Files\Java\jdk1.8.0_291\jre\bin\api-ms-win-core-handle-l1-1-0.dll
0x000001d931c80000 - 0x000001d931c83000 	C:\Program Files\Java\jdk1.8.0_291\jre\bin\api-ms-win-core-heap-l1-1-0.dll
0x000001d931c90000 - 0x000001d931c93000 	C:\Program Files\Java\jdk1.8.0_291\jre\bin\api-ms-win-core-interlocked-l1-1-0.dll
0x000001d931ca0000 - 0x000001d931ca3000 	C:\Program Files\Java\jdk1.8.0_291\jre\bin\api-ms-win-core-libraryloader-l1-1-0.dll
0x000001d931cb0000 - 0x000001d931cb3000 	C:\Program Files\Java\jdk1.8.0_291\jre\bin\api-ms-win-core-localization-l1-2-0.dll
0x000001d931cc0000 - 0x000001d931cc3000 	C:\Program Files\Java\jdk1.8.0_291\jre\bin\api-ms-win-core-memory-l1-1-0.dll
0x000001d931cd0000 - 0x000001d931cd3000 	C:\Program Files\Java\jdk1.8.0_291\jre\bin\api-ms-win-core-namedpipe-l1-1-0.dll
0x000001d931ce0000 - 0x000001d931ce3000 	C:\Program Files\Java\jdk1.8.0_291\jre\bin\api-ms-win-core-processenvironment-l1-1-0.dll
0x000001d931cf0000 - 0x000001d931cf3000 	C:\Program Files\Java\jdk1.8.0_291\jre\bin\api-ms-win-core-processthreads-l1-1-0.dll
0x000001d931d00000 - 0x000001d931d03000 	C:\Program Files\Java\jdk1.8.0_291\jre\bin\api-ms-win-core-processthreads-l1-1-1.dll
0x000001d931d10000 - 0x000001d931d13000 	C:\Program Files\Java\jdk1.8.0_291\jre\bin\api-ms-win-core-profile-l1-1-0.dll
0x000001d931d20000 - 0x000001d931d23000 	C:\Program Files\Java\jdk1.8.0_291\jre\bin\api-ms-win-core-rtlsupport-l1-1-0.dll
0x000001d931d30000 - 0x000001d931d33000 	C:\Program Files\Java\jdk1.8.0_291\jre\bin\api-ms-win-core-string-l1-1-0.dll
0x000001d931d40000 - 0x000001d931d43000 	C:\Program Files\Java\jdk1.8.0_291\jre\bin\api-ms-win-core-synch-l1-1-0.dll
0x000001d931d50000 - 0x000001d931d53000 	C:\Program Files\Java\jdk1.8.0_291\jre\bin\api-ms-win-core-synch-l1-2-0.dll
0x000001d931d60000 - 0x000001d931d63000 	C:\Program Files\Java\jdk1.8.0_291\jre\bin\api-ms-win-core-sysinfo-l1-1-0.dll
0x000001d931d70000 - 0x000001d931d73000 	C:\Program Files\Java\jdk1.8.0_291\jre\bin\api-ms-win-core-timezone-l1-1-0.dll
0x000001d931d80000 - 0x000001d931d83000 	C:\Program Files\Java\jdk1.8.0_291\jre\bin\api-ms-win-core-util-l1-1-0.dll
0x000001d931d90000 - 0x000001d931d93000 	C:\Program Files\Java\jdk1.8.0_291\jre\bin\api-ms-win-crt-conio-l1-1-0.dll
0x000001d931da0000 - 0x000001d931da4000 	C:\Program Files\Java\jdk1.8.0_291\jre\bin\api-ms-win-crt-convert-l1-1-0.dll
0x000001d931db0000 - 0x000001d931db3000 	C:\Program Files\Java\jdk1.8.0_291\jre\bin\api-ms-win-crt-environment-l1-1-0.dll
0x000001d931dc0000 - 0x000001d931dc3000 	C:\Program Files\Java\jdk1.8.0_291\jre\bin\api-ms-win-crt-filesystem-l1-1-0.dll
0x000001d931dd0000 - 0x000001d931dd3000 	C:\Program Files\Java\jdk1.8.0_291\jre\bin\api-ms-win-crt-heap-l1-1-0.dll
0x000001d931de0000 - 0x000001d931de3000 	C:\Program Files\Java\jdk1.8.0_291\jre\bin\api-ms-win-crt-locale-l1-1-0.dll
0x000001d931df0000 - 0x000001d931df5000 	C:\Program Files\Java\jdk1.8.0_291\jre\bin\api-ms-win-crt-math-l1-1-0.dll
0x000001d931e00000 - 0x000001d931e05000 	C:\Program Files\Java\jdk1.8.0_291\jre\bin\api-ms-win-crt-multibyte-l1-1-0.dll
0x000001d931e10000 - 0x000001d931e20000 	C:\Program Files\Java\jdk1.8.0_291\jre\bin\api-ms-win-crt-private-l1-1-0.dll
0x000001d931e20000 - 0x000001d931e23000 	C:\Program Files\Java\jdk1.8.0_291\jre\bin\api-ms-win-crt-process-l1-1-0.dll
0x000001d931e30000 - 0x000001d931e34000 	C:\Program Files\Java\jdk1.8.0_291\jre\bin\api-ms-win-crt-runtime-l1-1-0.dll
0x000001d931e40000 - 0x000001d931e44000 	C:\Program Files\Java\jdk1.8.0_291\jre\bin\api-ms-win-crt-stdio-l1-1-0.dll
0x000001d931e50000 - 0x000001d931e54000 	C:\Program Files\Java\jdk1.8.0_291\jre\bin\api-ms-win-crt-string-l1-1-0.dll
0x000001d931e60000 - 0x000001d931e63000 	C:\Program Files\Java\jdk1.8.0_291\jre\bin\api-ms-win-crt-time-l1-1-0.dll
0x000001d931e70000 - 0x000001d931e73000 	C:\Program Files\Java\jdk1.8.0_291\jre\bin\api-ms-win-crt-utility-l1-1-0.dll
0x00007ffe2eaf0000 - 0x00007ffe2ebea000 	C:\Program Files\Java\jdk1.8.0_291\jre\bin\ucrtbase.dll
0x00007ffe5ca80000 - 0x00007ffe5ca8c000 	C:\Program Files\Java\jdk1.8.0_291\jre\bin\vcruntime140_1.dll
0x00007ffe55000000 - 0x00007ffe55023000 	C:\Program Files\Java\jdk1.8.0_291\jre\bin\prism_d3d.dll
0x00007ffe45cc0000 - 0x00007ffe45e8e000 	C:\Windows\system32\d3d9.dll
0x00007ffe62420000 - 0x00007ffe6244f000 	C:\Windows\SYSTEM32\dwmapi.dll
0x00007ffe62080000 - 0x00007ffe6211f000 	C:\Windows\system32\uxtheme.dll
0x00007ffe43780000 - 0x00007ffe45cba000 	C:\Windows\SYSTEM32\igdumdim64.dll
0x00007ffe65250000 - 0x00007ffe6531d000 	C:\Windows\System32\OLEAUT32.dll
0x00007ffe66880000 - 0x00007ffe669aa000 	C:\Windows\System32\ole32.dll
0x00007ffe653d0000 - 0x00007ffe65837000 	C:\Windows\System32\SETUPAPI.dll
0x00007ffe64e30000 - 0x00007ffe64e7e000 	C:\Windows\System32\cfgmgr32.dll
0x00007ffe64ac0000 - 0x00007ffe64ae7000 	C:\Windows\System32\bcrypt.dll
0x00007ffe54fb0000 - 0x00007ffe54ff2000 	C:\Program Files\Java\jdk1.8.0_291\jre\bin\glass.dll
0x00007ffe65970000 - 0x00007ffe65a4a000 	C:\Windows\System32\COMDLG32.dll
0x00007ffe66c60000 - 0x00007ffe66d75000 	C:\Windows\System32\MSCTF.dll
0x00007ffe64e80000 - 0x00007ffe64eff000 	C:\Windows\System32\bcryptPrimitives.dll
0x00007ffe59b40000 - 0x00007ffe5a57f000 	C:\Windows\SYSTEM32\igdusc64.dll
0x00007ffe5b4e0000 - 0x00007ffe5b51b000 	C:\Windows\SYSTEM32\dxcore.dll
0x00007ffe54d60000 - 0x00007ffe54d74000 	C:\Program Files\Java\jdk1.8.0_291\jre\bin\javafx_font.dll
0x00007ffe56bf0000 - 0x00007ffe56e6f000 	C:\Windows\SYSTEM32\dwrite.dll

VM Arguments:
jvm_args: -Dfile.encoding=UTF-8 
java_command: C:\Users\PedroJSBezerra\Documents\NetBeansProjects\JavaQuizApp\dist\run641533159\JavaQuizApp.jar
java_class_path (initial): C:\Users\PedroJSBezerra\Documents\NetBeansProjects\JavaQuizApp\dist\run641533159\JavaQuizApp.jar
Launcher Type: SUN_STANDARD

Environment Variables:
PATH=C:\Windows\System32;C:\Users\PedroJSBezerra\AppData\Local\Microsoft\WindowsApps;;C:\Users\PedroJSBezerra\AppData\Local\Programs\Microsoft VS Code\bin;C:\Users\PedroJSBezerra\AppData\Roaming\npm
USERNAME=PedroJSBezerra
OS=Windows_NT
PROCESSOR_IDENTIFIER=Intel64 Family 6 Model 76 Stepping 4, GenuineIntel



---------------  S Y S T E M  ---------------

OS: Windows 10.0 , 64 bit Build 19041 (10.0.19041.541)

CPU:total 2 (initial active 2) (2 cores per cpu, 1 threads per core) family 6 model 76 stepping 4, cmov, cx8, fxsr, mmx, sse, sse2, sse3, ssse3, sse4.1, sse4.2, popcnt, aes, clmul, erms, 3dnowpref, tsc, tscinvbit

Memory: 4k page, physical 4043300k(376828k free), swap 4043300k(2504k free)

vm_info: Java HotSpot(TM) 64-Bit Server VM (25.291-b10) for windows-amd64 JRE (1.8.0_291-b10), built on Apr  9 2021 00:02:00 by "java_re" with MS VC++ 15.9 (VS2017)

time: Fri Jul  9 14:20:31 2021
timezone: Hora oficial do Brasil
elapsed time: 6.319122 seconds (0d 0h 0m 6s)

